<?xml version="1.0" encoding="UTF-8" ?>
<testsuite failures="6" time="3.313" errors="0" skipped="0" tests="661" name="com.jloisel.persistent.map.PersistentMapTest">
  <properties>
[...]
</properties>
  <testcase time="0.061" classname="com.google.common.collect.testing.testers.MapClearTester" name="testClear[PersistentMapTest [collection size: zero]]"/>
  <testcase time="0" classname="com.google.common.collect.testing.testers.MapContainsKeyTester" name="testContains_nullNotContainedAndUnsupported[PersistentMapTest [collection size: zero]]"/>
  <testcase time="0.001" classname="com.google.common.collect.testing.testers.MapContainsKeyTester" name="testContains_no[PersistentMapTest [collection size: zero]]"/>
  <testcase time="0.004" classname="com.google.common.collect.testing.testers.MapContainsKeyTester" name="testContains_wrongType[PersistentMapTest [collection size: zero]]"/>
  <testcase time="0.001" classname="com.google.common.collect.testing.testers.MapContainsValueTester" name="testContains_nullNotContainedAndUnsupported[PersistentMapTest [collection size: zero]]"/>
  <testcase time="0.002" classname="com.google.common.collect.testing.testers.MapContainsValueTester" name="testContains_no[PersistentMapTest [collection size: zero]]"/>
  <testcase time="0.001" classname="com.google.common.collect.testing.testers.MapContainsValueTester" name="testContains_wrongType[PersistentMapTest [collection size: zero]]"/>
  <testcase time="0.001" classname="com.google.common.collect.testing.testers.MapEqualsTester" name="testEquals_otherMapWithSameEntries[PersistentMapTest [collection size: zero]]"/>
  <testcase time="0.002" classname="com.google.common.collect.testing.testers.MapEqualsTester" name="testEquals_largerMap[PersistentMapTest [collection size: zero]]"/>
  <testcase time="0.007" classname="com.google.common.collect.testing.testers.MapEqualsTester" name="testEquals_list[PersistentMapTest [collection size: zero]]"/>
  <testcase time="0.002" classname="com.google.common.collect.testing.testers.MapGetTester" name="testGet_no[PersistentMapTest [collection size: zero]]"/>
  <testcase time="0.003" classname="com.google.common.collect.testing.testers.MapGetTester" name="testGet_nullNotContainedAndUnsupported[PersistentMapTest [collection size: zero]]"/>
  <testcase time="0.002" classname="com.google.common.collect.testing.testers.MapGetTester" name="testGet_wrongType[PersistentMapTest [collection size: zero]]"/>
  <testcase time="0.045" classname="com.google.common.collect.testing.testers.MapHashCodeTester" name="testHashCode[PersistentMapTest [collection size: zero]]"/>
  <testcase time="0.001" classname="com.google.common.collect.testing.testers.MapIsEmptyTester" name="testIsEmpty_yes[PersistentMapTest [collection size: zero]]"/>
  <testcase time="0.032" classname="com.google.common.collect.testing.testers.MapPutTester" name="testPut_supportedNotPresent[PersistentMapTest [collection size: zero]]"/>
  <testcase time="0.003" classname="com.google.common.collect.testing.testers.MapPutTester" name="testPut_nullKeyUnsupported[PersistentMapTest [collection size: zero]]"/>
  <testcase time="0.001" classname="com.google.common.collect.testing.testers.MapPutTester" name="testPut_nullValueUnsupported[PersistentMapTest [collection size: zero]]"/>
  <testcase time="0.002" classname="com.google.common.collect.testing.testers.MapPutAllTester" name="testPutAll_supportedNothing[PersistentMapTest [collection size: zero]]"/>
  <testcase time="0.003" classname="com.google.common.collect.testing.testers.MapPutAllTester" name="testPutAll_supportedNonePresent[PersistentMapTest [collection size: zero]]"/>
  <testcase time="0.003" classname="com.google.common.collect.testing.testers.MapPutAllTester" name="testPutAll_nullKeyUnsupported[PersistentMapTest [collection size: zero]]"/>
  <testcase time="0.001" classname="com.google.common.collect.testing.testers.MapPutAllTester" name="testPutAll_nullValueUnsupported[PersistentMapTest [collection size: zero]]"/>
  <testcase time="0.013" classname="com.google.common.collect.testing.testers.MapPutAllTester" name="testPutAll_nullCollectionReference[PersistentMapTest [collection size: zero]]"/>
  <testcase time="0.002" classname="com.google.common.collect.testing.testers.MapRemoveTester" name="testRemove_notPresent[PersistentMapTest [collection size: zero]]"/>
  <testcase time="0.001" classname="com.google.common.collect.testing.testers.MapRemoveTester" name="testRemove_nullQueriesNotSupported[PersistentMapTest [collection size: zero]]"/>
  <testcase time="0.001" classname="com.google.common.collect.testing.testers.MapRemoveTester" name="testRemove_wrongType[PersistentMapTest [collection size: zero]]"/>
  <testcase time="0.001" classname="com.google.common.collect.testing.testers.MapSizeTester" name="testSize[PersistentMapTest [collection size: zero]]"/>
  <testcase time="0.001" classname="com.google.common.collect.testing.testers.CollectionAddAllTester" name="testAddAll_unsupportedNothing[PersistentMapTest [collection size: zero] entrySet [collection size: zero]]"/>
  <testcase time="0.001" classname="com.google.common.collect.testing.testers.CollectionAddAllTester" name="testAddAll_unsupportedNonePresent[PersistentMapTest [collection size: zero] entrySet [collection size: zero]]"/>
  <testcase time="0.001" classname="com.google.common.collect.testing.testers.CollectionAddTester" name="testAdd_unsupportedNotPresent[PersistentMapTest [collection size: zero] entrySet [collection size: zero]]"/>
  <testcase time="0" classname="com.google.common.collect.testing.testers.CollectionClearTester" name="testClear[PersistentMapTest [collection size: zero] entrySet [collection size: zero]]"/>
  <testcase time="0.001" classname="com.google.common.collect.testing.testers.CollectionContainsAllTester" name="testContainsAll_self[PersistentMapTest [collection size: zero] entrySet [collection size: zero]]"/>
  <testcase time="0.001" classname="com.google.common.collect.testing.testers.CollectionContainsAllTester" name="testContainsAll_empty[PersistentMapTest [collection size: zero] entrySet [collection size: zero]]"/>
  <testcase time="0.001" classname="com.google.common.collect.testing.testers.CollectionContainsAllTester" name="testContainsAll_sameElements[PersistentMapTest [collection size: zero] entrySet [collection size: zero]]"/>
  <testcase time="0.001" classname="com.google.common.collect.testing.testers.CollectionContainsAllTester" name="testContainsAll_partialOverlap[PersistentMapTest [collection size: zero] entrySet [collection size: zero]]"/>
  <testcase time="0.006" classname="com.google.common.collect.testing.testers.CollectionContainsAllTester" name="testContainsAll_disjoint[PersistentMapTest [collection size: zero] entrySet [collection size: zero]]"/>
  <testcase time="0.001" classname="com.google.common.collect.testing.testers.CollectionContainsAllTester" name="testContainsAll_nullAllowed[PersistentMapTest [collection size: zero] entrySet [collection size: zero]]"/>
  <testcase time="0.001" classname="com.google.common.collect.testing.testers.CollectionContainsAllTester" name="testContainsAll_wrongType[PersistentMapTest [collection size: zero] entrySet [collection size: zero]]"/>
  <testcase time="0.001" classname="com.google.common.collect.testing.testers.CollectionContainsTester" name="testContains_no[PersistentMapTest [collection size: zero] entrySet [collection size: zero]]"/>
  <testcase time="0.001" classname="com.google.common.collect.testing.testers.CollectionContainsTester" name="testContains_wrongType[PersistentMapTest [collection size: zero] entrySet [collection size: zero]]"/>
  <testcase time="0.001" classname="com.google.common.collect.testing.testers.CollectionContainsTester" name="testContains_nullNotContainedButQueriesSupported[PersistentMapTest [collection size: zero] entrySet [collection size: zero]]"/>
  <testcase time="0.001" classname="com.google.common.collect.testing.testers.CollectionEqualsTester" name="testEquals_self[PersistentMapTest [collection size: zero] entrySet [collection size: zero]]"/>
  <testcase time="0" classname="com.google.common.collect.testing.testers.CollectionEqualsTester" name="testEquals_null[PersistentMapTest [collection size: zero] entrySet [collection size: zero]]"/>
  <testcase time="0.001" classname="com.google.common.collect.testing.testers.CollectionEqualsTester" name="testEquals_notACollection[PersistentMapTest [collection size: zero] entrySet [collection size: zero]]"/>
  <testcase time="0.001" classname="com.google.common.collect.testing.testers.CollectionIsEmptyTester" name="testIsEmpty_yes[PersistentMapTest [collection size: zero] entrySet [collection size: zero]]"/>
  <testcase time="0.002" classname="com.google.common.collect.testing.testers.CollectionIteratorTester" name="testIterator[PersistentMapTest [collection size: zero] entrySet [collection size: zero]]"/>
  <testcase time="0.04" classname="com.google.common.collect.testing.testers.CollectionIteratorTester" name="testIterator_unknownOrderRemoveSupported[PersistentMapTest [collection size: zero] entrySet [collection size: zero]]">
    <failure message="failed with stimuli [hasNext, hasNext, hasNext, hasNext, remove]" type="junit.framework.AssertionFailedError">junit.framework.AssertionFailedError: failed with stimuli [hasNext, hasNext, hasNext, hasNext, remove]
	at com.google.common.collect.testing.Helpers.fail(Helpers.java:164)
	at com.google.common.collect.testing.AbstractIteratorTester.compareResultsForThisListOfStimuli(AbstractIteratorTester.java:420)
	at com.google.common.collect.testing.AbstractIteratorTester.recurse(AbstractIteratorTester.java:385)
	at com.google.common.collect.testing.AbstractIteratorTester.recurse(AbstractIteratorTester.java:390)
	at com.google.common.collect.testing.AbstractIteratorTester.recurse(AbstractIteratorTester.java:390)
	at com.google.common.collect.testing.AbstractIteratorTester.recurse(AbstractIteratorTester.java:390)
	at com.google.common.collect.testing.AbstractIteratorTester.recurse(AbstractIteratorTester.java:390)
	at com.google.common.collect.testing.AbstractIteratorTester.recurse(AbstractIteratorTester.java:390)
	at com.google.common.collect.testing.AbstractIteratorTester.test(AbstractIteratorTester.java:374)
	at com.google.common.collect.testing.testers.CollectionIteratorTester.runIteratorTest(CollectionIteratorTester.java:100)
	at com.google.common.collect.testing.testers.CollectionIteratorTester.testIterator_unknownOrderRemoveSupported(CollectionIteratorTester.java:88)
	at sun.reflect.NativeMethodAccessorImpl.invoke0(Native Method)
	at sun.reflect.NativeMethodAccessorImpl.invoke(NativeMethodAccessorImpl.java:57)
	at sun.reflect.DelegatingMethodAccessorImpl.invoke(DelegatingMethodAccessorImpl.java:43)
	at java.lang.reflect.Method.invoke(Method.java:601)
	at junit.framework.TestCase.runTest(TestCase.java:168)
	at junit.framework.TestCase.runBare(TestCase.java:134)
	at junit.framework.TestResult$1.protect(TestResult.java:110)
	at junit.framework.TestResult.runProtected(TestResult.java:128)
	at junit.framework.TestResult.run(TestResult.java:113)
	at junit.framework.TestCase.run(TestCase.java:124)
	at junit.framework.TestSuite.runTest(TestSuite.java:243)
	at junit.framework.TestSuite.run(TestSuite.java:238)
	at junit.framework.TestSuite.runTest(TestSuite.java:243)
	at junit.framework.TestSuite.run(TestSuite.java:238)
	at junit.framework.TestSuite.runTest(TestSuite.java:243)
	at junit.framework.TestSuite.run(TestSuite.java:238)
	at junit.framework.TestSuite.runTest(TestSuite.java:243)
	at junit.framework.TestSuite.run(TestSuite.java:238)
	at junit.framework.TestSuite.runTest(TestSuite.java:243)
	at junit.framework.TestSuite.run(TestSuite.java:238)
	at org.junit.internal.runners.JUnit38ClassRunner.run(JUnit38ClassRunner.java:83)
	at org.apache.maven.surefire.junit4.JUnit4TestSet.execute(JUnit4TestSet.java:53)
	at org.apache.maven.surefire.junit4.JUnit4Provider.executeTestSet(JUnit4Provider.java:123)
	at org.apache.maven.surefire.junit4.JUnit4Provider.invoke(JUnit4Provider.java:104)
	at sun.reflect.NativeMethodAccessorImpl.invoke0(Native Method)
	at sun.reflect.NativeMethodAccessorImpl.invoke(NativeMethodAccessorImpl.java:57)
	at sun.reflect.DelegatingMethodAccessorImpl.invoke(DelegatingMethodAccessorImpl.java:43)
	at java.lang.reflect.Method.invoke(Method.java:601)
	at org.apache.maven.surefire.util.ReflectionUtils.invokeMethodWithArray(ReflectionUtils.java:164)
	at org.apache.maven.surefire.booter.ProviderFactory$ProviderProxy.invoke(ProviderFactory.java:110)
	at org.apache.maven.surefire.booter.SurefireStarter.invokeProvider(SurefireStarter.java:175)
	at org.apache.maven.surefire.booter.SurefireStarter.runSuitesInProcessWhenForked(SurefireStarter.java:107)
	at org.apache.maven.surefire.booter.ForkedBooter.main(ForkedBooter.java:68)
Caused by: junit.framework.AssertionFailedError: Exception class java.lang.NullPointerException was thrown; expected one of [class java.lang.IllegalStateException]
	at com.google.common.collect.testing.Helpers.fail(Helpers.java:164)
	at com.google.common.collect.testing.AbstractIteratorTester$PermittedMetaException.assertPermitted(AbstractIteratorTester.java:142)
	at com.google.common.collect.testing.AbstractIteratorTester.internalExecuteAndCompare(AbstractIteratorTester.java:518)
	at com.google.common.collect.testing.AbstractIteratorTester.access$500(AbstractIteratorTester.java:51)
	at com.google.common.collect.testing.AbstractIteratorTester$8.executeAndCompare(AbstractIteratorTester.java:611)
	at com.google.common.collect.testing.AbstractIteratorTester.compareResultsForThisListOfStimuli(AbstractIteratorTester.java:406)
	... 42 more
Caused by: java.lang.NullPointerException
	at com.google.common.base.Preconditions.checkNotNull(Preconditions.java:191)
	at com.jloisel.collection.map.persistence.FileUtils.toPath(FileUtils.java:59)
	at com.jloisel.collection.map.persistence.FileUtils.remove(FileUtils.java:55)
	at com.jloisel.collection.map.PersistentMapSetIterator.remove(PersistentMapSetIterator.java:38)
	at com.google.common.collect.testing.AbstractIteratorTester$1.execute(AbstractIteratorTester.java:527)
	at com.google.common.collect.testing.AbstractIteratorTester.internalExecuteAndCompare(AbstractIteratorTester.java:454)
	... 45 more
</failure>
  </testcase>
  <testcase time="0.001" classname="com.google.common.collect.testing.testers.CollectionIteratorTester" name="testIteratorNoSuchElementException[PersistentMapTest [collection size: zero] entrySet [collection size: zero]]"/>
  <testcase time="0.001" classname="com.google.common.collect.testing.testers.CollectionRemoveAllTester" name="testRemoveAll_emptyCollection[PersistentMapTest [collection size: zero] entrySet [collection size: zero]]"/>
  <testcase time="0.001" classname="com.google.common.collect.testing.testers.CollectionRemoveAllTester" name="testRemoveAll_nonePresent[PersistentMapTest [collection size: zero] entrySet [collection size: zero]]"/>
  <testcase time="0.001" classname="com.google.common.collect.testing.testers.CollectionRemoveAllTester" name="testRemoveAll_nullCollectionReferenceEmptySubject[PersistentMapTest [collection size: zero] entrySet [collection size: zero]]"/>
  <testcase time="0" classname="com.google.common.collect.testing.testers.CollectionRemoveAllTester" name="testRemoveAll_containsNullNoButAllowed[PersistentMapTest [collection size: zero] entrySet [collection size: zero]]"/>
  <testcase time="0.001" classname="com.google.common.collect.testing.testers.CollectionRemoveAllTester" name="testRemoveAll_containsWrongType[PersistentMapTest [collection size: zero] entrySet [collection size: zero]]"/>
  <testcase time="0.004" classname="com.google.common.collect.testing.testers.CollectionRemoveTester" name="testRemove_notPresent[PersistentMapTest [collection size: zero] entrySet [collection size: zero]]"/>
  <testcase time="0.001" classname="com.google.common.collect.testing.testers.CollectionRemoveTester" name="testRemove_wrongType[PersistentMapTest [collection size: zero] entrySet [collection size: zero]]"/>
  <testcase time="0.001" classname="com.google.common.collect.testing.testers.CollectionRemoveTester" name="testRemove_nullAllowed[PersistentMapTest [collection size: zero] entrySet [collection size: zero]]"/>
  <testcase time="0.001" classname="com.google.common.collect.testing.testers.CollectionRetainAllTester" name="testRetainAll_emptyPreviouslyEmpty[PersistentMapTest [collection size: zero] entrySet [collection size: zero]]"/>
  <testcase time="0.001" classname="com.google.common.collect.testing.testers.CollectionRetainAllTester" name="testRetainAll_disjointPreviouslyEmpty[PersistentMapTest [collection size: zero] entrySet [collection size: zero]]"/>
  <testcase time="0.001" classname="com.google.common.collect.testing.testers.CollectionRetainAllTester" name="testRetainAll_superset[PersistentMapTest [collection size: zero] entrySet [collection size: zero]]"/>
  <testcase time="0.001" classname="com.google.common.collect.testing.testers.CollectionRetainAllTester" name="testRetainAll_sameElements[PersistentMapTest [collection size: zero] entrySet [collection size: zero]]"/>
  <testcase time="0.001" classname="com.google.common.collect.testing.testers.CollectionRetainAllTester" name="testRetainAll_nullSingletonPreviouslyEmpty[PersistentMapTest [collection size: zero] entrySet [collection size: zero]]"/>
  <testcase time="0.011" classname="com.google.common.collect.testing.testers.CollectionRetainAllTester" name="testRetainAll_nullCollectionReferenceEmptySubject[PersistentMapTest [collection size: zero] entrySet [collection size: zero]]"/>
  <testcase time="0" classname="com.google.common.collect.testing.testers.CollectionSizeTester" name="testSize[PersistentMapTest [collection size: zero] entrySet [collection size: zero]]"/>
  <testcase time="0" classname="com.google.common.collect.testing.testers.CollectionToArrayTester" name="testToArray_noArgs[PersistentMapTest [collection size: zero] entrySet [collection size: zero]]"/>
  <testcase time="0" classname="com.google.common.collect.testing.testers.CollectionToArrayTester" name="testToArray_isPlainObjectArray[PersistentMapTest [collection size: zero] entrySet [collection size: zero]]"/>
  <testcase time="0" classname="com.google.common.collect.testing.testers.CollectionToArrayTester" name="testToArray_emptyArray[PersistentMapTest [collection size: zero] entrySet [collection size: zero]]"/>
  <testcase time="0" classname="com.google.common.collect.testing.testers.CollectionToArrayTester" name="testToArray_emptyArrayOfObject[PersistentMapTest [collection size: zero] entrySet [collection size: zero]]"/>
  <testcase time="0" classname="com.google.common.collect.testing.testers.CollectionToArrayTester" name="testToArray_rightSizedArray[PersistentMapTest [collection size: zero] entrySet [collection size: zero]]"/>
  <testcase time="0" classname="com.google.common.collect.testing.testers.CollectionToArrayTester" name="testToArray_rightSizedArrayOfObject[PersistentMapTest [collection size: zero] entrySet [collection size: zero]]"/>
  <testcase time="0" classname="com.google.common.collect.testing.testers.CollectionToArrayTester" name="testToArray_oversizedArray[PersistentMapTest [collection size: zero] entrySet [collection size: zero]]"/>
  <testcase time="0" classname="com.google.common.collect.testing.testers.CollectionToArrayTester" name="testToArray_emptyArrayOfWrongTypeForEmptyCollection[PersistentMapTest [collection size: zero] entrySet [collection size: zero]]"/>
  <testcase time="0" classname="com.google.common.collect.testing.testers.CollectionToStringTester" name="testToString_minimal[PersistentMapTest [collection size: zero] entrySet [collection size: zero]]"/>
  <testcase time="0" classname="com.google.common.collect.testing.testers.CollectionToStringTester" name="testToString_size0[PersistentMapTest [collection size: zero] entrySet [collection size: zero]]"/>
  <testcase time="0" classname="com.google.common.collect.testing.testers.SetHashCodeTester" name="testHashCode[PersistentMapTest [collection size: zero] entrySet [collection size: zero]]"/>
  <testcase time="0.001" classname="com.google.common.collect.testing.testers.SetEqualsTester" name="testEquals_list[PersistentMapTest [collection size: zero] entrySet [collection size: zero]]"/>
  <testcase time="0.002" classname="com.google.common.collect.testing.testers.SetEqualsTester" name="testEquals_otherSetWithSameElements[PersistentMapTest [collection size: zero] entrySet [collection size: zero]]"/>
  <testcase time="0.001" classname="com.google.common.collect.testing.testers.SetEqualsTester" name="testEquals_largerSet[PersistentMapTest [collection size: zero] entrySet [collection size: zero]]"/>
  <testcase time="0" classname="com.google.common.collect.testing.ExampleIteratorTester" name="testSomethingAboutIterators[PersistentMapTest [collection size: zero] entrySet [collection size: zero] iterator]"/>
  <testcase time="0.002" classname="com.google.common.collect.testing.testers.CollectionAddAllTester" name="testAddAll_unsupportedNothing[PersistentMapTest [collection size: zero] keys [collection size: zero]]"/>
  <testcase time="0.001" classname="com.google.common.collect.testing.testers.CollectionAddAllTester" name="testAddAll_unsupportedNonePresent[PersistentMapTest [collection size: zero] keys [collection size: zero]]"/>
  <testcase time="0.001" classname="com.google.common.collect.testing.testers.CollectionAddTester" name="testAdd_unsupportedNotPresent[PersistentMapTest [collection size: zero] keys [collection size: zero]]"/>
  <testcase time="0.001" classname="com.google.common.collect.testing.testers.CollectionClearTester" name="testClear[PersistentMapTest [collection size: zero] keys [collection size: zero]]"/>
  <testcase time="0.001" classname="com.google.common.collect.testing.testers.CollectionContainsAllTester" name="testContainsAll_self[PersistentMapTest [collection size: zero] keys [collection size: zero]]"/>
  <testcase time="0.001" classname="com.google.common.collect.testing.testers.CollectionContainsAllTester" name="testContainsAll_empty[PersistentMapTest [collection size: zero] keys [collection size: zero]]"/>
  <testcase time="0.001" classname="com.google.common.collect.testing.testers.CollectionContainsAllTester" name="testContainsAll_sameElements[PersistentMapTest [collection size: zero] keys [collection size: zero]]"/>
  <testcase time="0.001" classname="com.google.common.collect.testing.testers.CollectionContainsAllTester" name="testContainsAll_partialOverlap[PersistentMapTest [collection size: zero] keys [collection size: zero]]"/>
  <testcase time="0.002" classname="com.google.common.collect.testing.testers.CollectionContainsAllTester" name="testContainsAll_disjoint[PersistentMapTest [collection size: zero] keys [collection size: zero]]"/>
  <testcase time="0.001" classname="com.google.common.collect.testing.testers.CollectionContainsAllTester" name="testContainsAll_nullNotAllowed[PersistentMapTest [collection size: zero] keys [collection size: zero]]"/>
  <testcase time="0.001" classname="com.google.common.collect.testing.testers.CollectionContainsAllTester" name="testContainsAll_wrongType[PersistentMapTest [collection size: zero] keys [collection size: zero]]"/>
  <testcase time="0.001" classname="com.google.common.collect.testing.testers.CollectionContainsTester" name="testContains_nullNotContainedAndUnsupported[PersistentMapTest [collection size: zero] keys [collection size: zero]]"/>
  <testcase time="0" classname="com.google.common.collect.testing.testers.CollectionContainsTester" name="testContains_no[PersistentMapTest [collection size: zero] keys [collection size: zero]]"/>
  <testcase time="0.001" classname="com.google.common.collect.testing.testers.CollectionContainsTester" name="testContains_wrongType[PersistentMapTest [collection size: zero] keys [collection size: zero]]"/>
  <testcase time="0.001" classname="com.google.common.collect.testing.testers.CollectionEqualsTester" name="testEquals_self[PersistentMapTest [collection size: zero] keys [collection size: zero]]"/>
  <testcase time="0.001" classname="com.google.common.collect.testing.testers.CollectionEqualsTester" name="testEquals_null[PersistentMapTest [collection size: zero] keys [collection size: zero]]"/>
  <testcase time="0" classname="com.google.common.collect.testing.testers.CollectionEqualsTester" name="testEquals_notACollection[PersistentMapTest [collection size: zero] keys [collection size: zero]]"/>
  <testcase time="0.001" classname="com.google.common.collect.testing.testers.CollectionIsEmptyTester" name="testIsEmpty_yes[PersistentMapTest [collection size: zero] keys [collection size: zero]]"/>
  <testcase time="0.001" classname="com.google.common.collect.testing.testers.CollectionIteratorTester" name="testIterator[PersistentMapTest [collection size: zero] keys [collection size: zero]]"/>
  <testcase time="0.006" classname="com.google.common.collect.testing.testers.CollectionIteratorTester" name="testIterator_unknownOrderRemoveSupported[PersistentMapTest [collection size: zero] keys [collection size: zero]]">
    <failure message="failed with stimuli [hasNext, hasNext, hasNext, hasNext, remove]" type="junit.framework.AssertionFailedError">junit.framework.AssertionFailedError: failed with stimuli [hasNext, hasNext, hasNext, hasNext, remove]
	at com.google.common.collect.testing.Helpers.fail(Helpers.java:164)
	at com.google.common.collect.testing.AbstractIteratorTester.compareResultsForThisListOfStimuli(AbstractIteratorTester.java:420)
	at com.google.common.collect.testing.AbstractIteratorTester.recurse(AbstractIteratorTester.java:385)
	at com.google.common.collect.testing.AbstractIteratorTester.recurse(AbstractIteratorTester.java:390)
	at com.google.common.collect.testing.AbstractIteratorTester.recurse(AbstractIteratorTester.java:390)
	at com.google.common.collect.testing.AbstractIteratorTester.recurse(AbstractIteratorTester.java:390)
	at com.google.common.collect.testing.AbstractIteratorTester.recurse(AbstractIteratorTester.java:390)
	at com.google.common.collect.testing.AbstractIteratorTester.recurse(AbstractIteratorTester.java:390)
	at com.google.common.collect.testing.AbstractIteratorTester.test(AbstractIteratorTester.java:374)
	at com.google.common.collect.testing.testers.CollectionIteratorTester.runIteratorTest(CollectionIteratorTester.java:100)
	at com.google.common.collect.testing.testers.CollectionIteratorTester.testIterator_unknownOrderRemoveSupported(CollectionIteratorTester.java:88)
	at sun.reflect.NativeMethodAccessorImpl.invoke0(Native Method)
	at sun.reflect.NativeMethodAccessorImpl.invoke(NativeMethodAccessorImpl.java:57)
	at sun.reflect.DelegatingMethodAccessorImpl.invoke(DelegatingMethodAccessorImpl.java:43)
	at java.lang.reflect.Method.invoke(Method.java:601)
	at junit.framework.TestCase.runTest(TestCase.java:168)
	at junit.framework.TestCase.runBare(TestCase.java:134)
	at junit.framework.TestResult$1.protect(TestResult.java:110)
	at junit.framework.TestResult.runProtected(TestResult.java:128)
	at junit.framework.TestResult.run(TestResult.java:113)
	at junit.framework.TestCase.run(TestCase.java:124)
	at junit.framework.TestSuite.runTest(TestSuite.java:243)
	at junit.framework.TestSuite.run(TestSuite.java:238)
	at junit.framework.TestSuite.runTest(TestSuite.java:243)
	at junit.framework.TestSuite.run(TestSuite.java:238)
	at junit.framework.TestSuite.runTest(TestSuite.java:243)
	at junit.framework.TestSuite.run(TestSuite.java:238)
	at junit.framework.TestSuite.runTest(TestSuite.java:243)
	at junit.framework.TestSuite.run(TestSuite.java:238)
	at junit.framework.TestSuite.runTest(TestSuite.java:243)
	at junit.framework.TestSuite.run(TestSuite.java:238)
	at org.junit.internal.runners.JUnit38ClassRunner.run(JUnit38ClassRunner.java:83)
	at org.apache.maven.surefire.junit4.JUnit4TestSet.execute(JUnit4TestSet.java:53)
	at org.apache.maven.surefire.junit4.JUnit4Provider.executeTestSet(JUnit4Provider.java:123)
	at org.apache.maven.surefire.junit4.JUnit4Provider.invoke(JUnit4Provider.java:104)
	at sun.reflect.NativeMethodAccessorImpl.invoke0(Native Method)
	at sun.reflect.NativeMethodAccessorImpl.invoke(NativeMethodAccessorImpl.java:57)
	at sun.reflect.DelegatingMethodAccessorImpl.invoke(DelegatingMethodAccessorImpl.java:43)
	at java.lang.reflect.Method.invoke(Method.java:601)
	at org.apache.maven.surefire.util.ReflectionUtils.invokeMethodWithArray(ReflectionUtils.java:164)
	at org.apache.maven.surefire.booter.ProviderFactory$ProviderProxy.invoke(ProviderFactory.java:110)
	at org.apache.maven.surefire.booter.SurefireStarter.invokeProvider(SurefireStarter.java:175)
	at org.apache.maven.surefire.booter.SurefireStarter.runSuitesInProcessWhenForked(SurefireStarter.java:107)
	at org.apache.maven.surefire.booter.ForkedBooter.main(ForkedBooter.java:68)
Caused by: junit.framework.AssertionFailedError: Exception class java.lang.NullPointerException was thrown; expected one of [class java.lang.IllegalStateException]
	at com.google.common.collect.testing.Helpers.fail(Helpers.java:164)
	at com.google.common.collect.testing.AbstractIteratorTester$PermittedMetaException.assertPermitted(AbstractIteratorTester.java:142)
	at com.google.common.collect.testing.AbstractIteratorTester.internalExecuteAndCompare(AbstractIteratorTester.java:518)
	at com.google.common.collect.testing.AbstractIteratorTester.access$500(AbstractIteratorTester.java:51)
	at com.google.common.collect.testing.AbstractIteratorTester$8.executeAndCompare(AbstractIteratorTester.java:611)
	at com.google.common.collect.testing.AbstractIteratorTester.compareResultsForThisListOfStimuli(AbstractIteratorTester.java:406)
	... 42 more
Caused by: java.lang.NullPointerException
	at com.google.common.base.Preconditions.checkNotNull(Preconditions.java:191)
	at com.jloisel.collection.map.persistence.FileUtils.toPath(FileUtils.java:59)
	at com.jloisel.collection.map.persistence.FileUtils.remove(FileUtils.java:55)
	at com.jloisel.collection.map.PersistentMapSetIterator.remove(PersistentMapSetIterator.java:38)
	at com.google.common.collect.testing.AbstractIteratorTester$1.execute(AbstractIteratorTester.java:527)
	at com.google.common.collect.testing.AbstractIteratorTester.internalExecuteAndCompare(AbstractIteratorTester.java:454)
	... 45 more
</failure>
  </testcase>
  <testcase time="0.004" classname="com.google.common.collect.testing.testers.CollectionIteratorTester" name="testIteratorNoSuchElementException[PersistentMapTest [collection size: zero] keys [collection size: zero]]"/>
  <testcase time="0" classname="com.google.common.collect.testing.testers.CollectionRemoveAllTester" name="testRemoveAll_emptyCollection[PersistentMapTest [collection size: zero] keys [collection size: zero]]"/>
  <testcase time="0" classname="com.google.common.collect.testing.testers.CollectionRemoveAllTester" name="testRemoveAll_nonePresent[PersistentMapTest [collection size: zero] keys [collection size: zero]]"/>
  <testcase time="0.003" classname="com.google.common.collect.testing.testers.CollectionRemoveAllTester" name="testRemoveAll_nullCollectionReferenceEmptySubject[PersistentMapTest [collection size: zero] keys [collection size: zero]]"/>
  <testcase time="0" classname="com.google.common.collect.testing.testers.CollectionRemoveAllTester" name="testRemoveAll_containsNullNo[PersistentMapTest [collection size: zero] keys [collection size: zero]]"/>
  <testcase time="0" classname="com.google.common.collect.testing.testers.CollectionRemoveAllTester" name="testRemoveAll_containsWrongType[PersistentMapTest [collection size: zero] keys [collection size: zero]]"/>
  <testcase time="0.006" classname="com.google.common.collect.testing.testers.CollectionRemoveTester" name="testRemove_notPresent[PersistentMapTest [collection size: zero] keys [collection size: zero]]"/>
  <testcase time="0" classname="com.google.common.collect.testing.testers.CollectionRemoveTester" name="testRemove_wrongType[PersistentMapTest [collection size: zero] keys [collection size: zero]]"/>
  <testcase time="0.002" classname="com.google.common.collect.testing.testers.CollectionRemoveTester" name="testRemove_nullNotSupported[PersistentMapTest [collection size: zero] keys [collection size: zero]]"/>
  <testcase time="0" classname="com.google.common.collect.testing.testers.CollectionRetainAllTester" name="testRetainAll_emptyPreviouslyEmpty[PersistentMapTest [collection size: zero] keys [collection size: zero]]"/>
  <testcase time="0.002" classname="com.google.common.collect.testing.testers.CollectionRetainAllTester" name="testRetainAll_disjointPreviouslyEmpty[PersistentMapTest [collection size: zero] keys [collection size: zero]]"/>
  <testcase time="0.003" classname="com.google.common.collect.testing.testers.CollectionRetainAllTester" name="testRetainAll_superset[PersistentMapTest [collection size: zero] keys [collection size: zero]]"/>
  <testcase time="0" classname="com.google.common.collect.testing.testers.CollectionRetainAllTester" name="testRetainAll_sameElements[PersistentMapTest [collection size: zero] keys [collection size: zero]]"/>
  <testcase time="0.001" classname="com.google.common.collect.testing.testers.CollectionRetainAllTester" name="testRetainAll_nullSingletonPreviouslyEmpty[PersistentMapTest [collection size: zero] keys [collection size: zero]]"/>
  <testcase time="0" classname="com.google.common.collect.testing.testers.CollectionRetainAllTester" name="testRetainAll_nullCollectionReferenceEmptySubject[PersistentMapTest [collection size: zero] keys [collection size: zero]]"/>
  <testcase time="0" classname="com.google.common.collect.testing.testers.CollectionSizeTester" name="testSize[PersistentMapTest [collection size: zero] keys [collection size: zero]]"/>
  <testcase time="0" classname="com.google.common.collect.testing.testers.CollectionToArrayTester" name="testToArray_noArgs[PersistentMapTest [collection size: zero] keys [collection size: zero]]"/>
  <testcase time="0" classname="com.google.common.collect.testing.testers.CollectionToArrayTester" name="testToArray_isPlainObjectArray[PersistentMapTest [collection size: zero] keys [collection size: zero]]"/>
  <testcase time="0" classname="com.google.common.collect.testing.testers.CollectionToArrayTester" name="testToArray_emptyArray[PersistentMapTest [collection size: zero] keys [collection size: zero]]"/>
  <testcase time="0" classname="com.google.common.collect.testing.testers.CollectionToArrayTester" name="testToArray_emptyArrayOfObject[PersistentMapTest [collection size: zero] keys [collection size: zero]]"/>
  <testcase time="0" classname="com.google.common.collect.testing.testers.CollectionToArrayTester" name="testToArray_rightSizedArray[PersistentMapTest [collection size: zero] keys [collection size: zero]]"/>
  <testcase time="0" classname="com.google.common.collect.testing.testers.CollectionToArrayTester" name="testToArray_rightSizedArrayOfObject[PersistentMapTest [collection size: zero] keys [collection size: zero]]"/>
  <testcase time="0" classname="com.google.common.collect.testing.testers.CollectionToArrayTester" name="testToArray_oversizedArray[PersistentMapTest [collection size: zero] keys [collection size: zero]]"/>
  <testcase time="0.004" classname="com.google.common.collect.testing.testers.CollectionToArrayTester" name="testToArray_emptyArrayOfWrongTypeForEmptyCollection[PersistentMapTest [collection size: zero] keys [collection size: zero]]"/>
  <testcase time="0" classname="com.google.common.collect.testing.testers.CollectionToStringTester" name="testToString_minimal[PersistentMapTest [collection size: zero] keys [collection size: zero]]"/>
  <testcase time="0" classname="com.google.common.collect.testing.testers.CollectionToStringTester" name="testToString_size0[PersistentMapTest [collection size: zero] keys [collection size: zero]]"/>
  <testcase time="0.003" classname="com.google.common.collect.testing.testers.SetHashCodeTester" name="testHashCode[PersistentMapTest [collection size: zero] keys [collection size: zero]]"/>
  <testcase time="0" classname="com.google.common.collect.testing.testers.SetEqualsTester" name="testEquals_list[PersistentMapTest [collection size: zero] keys [collection size: zero]]"/>
  <testcase time="0" classname="com.google.common.collect.testing.testers.SetEqualsTester" name="testEquals_otherSetWithSameElements[PersistentMapTest [collection size: zero] keys [collection size: zero]]"/>
  <testcase time="0.002" classname="com.google.common.collect.testing.testers.SetEqualsTester" name="testEquals_largerSet[PersistentMapTest [collection size: zero] keys [collection size: zero]]"/>
  <testcase time="0" classname="com.google.common.collect.testing.ExampleIteratorTester" name="testSomethingAboutIterators[PersistentMapTest [collection size: zero] keys [collection size: zero] iterator]"/>
  <testcase time="0.002" classname="com.google.common.collect.testing.testers.CollectionAddAllTester" name="testAddAll_unsupportedNothing[PersistentMapTest [collection size: zero] values [collection size: zero]]"/>
  <testcase time="0" classname="com.google.common.collect.testing.testers.CollectionAddAllTester" name="testAddAll_unsupportedNonePresent[PersistentMapTest [collection size: zero] values [collection size: zero]]"/>
  <testcase time="0" classname="com.google.common.collect.testing.testers.CollectionAddTester" name="testAdd_unsupportedNotPresent[PersistentMapTest [collection size: zero] values [collection size: zero]]"/>
  <testcase time="0" classname="com.google.common.collect.testing.testers.CollectionClearTester" name="testClear[PersistentMapTest [collection size: zero] values [collection size: zero]]"/>
  <testcase time="0" classname="com.google.common.collect.testing.testers.CollectionContainsAllTester" name="testContainsAll_self[PersistentMapTest [collection size: zero] values [collection size: zero]]"/>
  <testcase time="0" classname="com.google.common.collect.testing.testers.CollectionContainsAllTester" name="testContainsAll_empty[PersistentMapTest [collection size: zero] values [collection size: zero]]"/>
  <testcase time="0.008" classname="com.google.common.collect.testing.testers.CollectionContainsAllTester" name="testContainsAll_sameElements[PersistentMapTest [collection size: zero] values [collection size: zero]]"/>
  <testcase time="0.001" classname="com.google.common.collect.testing.testers.CollectionContainsAllTester" name="testContainsAll_partialOverlap[PersistentMapTest [collection size: zero] values [collection size: zero]]"/>
  <testcase time="0" classname="com.google.common.collect.testing.testers.CollectionContainsAllTester" name="testContainsAll_disjoint[PersistentMapTest [collection size: zero] values [collection size: zero]]"/>
  <testcase time="0" classname="com.google.common.collect.testing.testers.CollectionContainsAllTester" name="testContainsAll_nullNotAllowed[PersistentMapTest [collection size: zero] values [collection size: zero]]"/>
  <testcase time="0" classname="com.google.common.collect.testing.testers.CollectionContainsAllTester" name="testContainsAll_wrongType[PersistentMapTest [collection size: zero] values [collection size: zero]]"/>
  <testcase time="0" classname="com.google.common.collect.testing.testers.CollectionContainsTester" name="testContains_nullNotContainedAndUnsupported[PersistentMapTest [collection size: zero] values [collection size: zero]]"/>
  <testcase time="0" classname="com.google.common.collect.testing.testers.CollectionContainsTester" name="testContains_no[PersistentMapTest [collection size: zero] values [collection size: zero]]"/>
  <testcase time="0" classname="com.google.common.collect.testing.testers.CollectionContainsTester" name="testContains_wrongType[PersistentMapTest [collection size: zero] values [collection size: zero]]"/>
  <testcase time="0" classname="com.google.common.collect.testing.testers.CollectionEqualsTester" name="testEquals_self[PersistentMapTest [collection size: zero] values [collection size: zero]]"/>
  <testcase time="0.001" classname="com.google.common.collect.testing.testers.CollectionEqualsTester" name="testEquals_null[PersistentMapTest [collection size: zero] values [collection size: zero]]"/>
  <testcase time="0" classname="com.google.common.collect.testing.testers.CollectionEqualsTester" name="testEquals_notACollection[PersistentMapTest [collection size: zero] values [collection size: zero]]"/>
  <testcase time="0.001" classname="com.google.common.collect.testing.testers.CollectionIsEmptyTester" name="testIsEmpty_yes[PersistentMapTest [collection size: zero] values [collection size: zero]]"/>
  <testcase time="0" classname="com.google.common.collect.testing.testers.CollectionIteratorTester" name="testIterator[PersistentMapTest [collection size: zero] values [collection size: zero]]"/>
  <testcase time="0.083" classname="com.google.common.collect.testing.testers.CollectionIteratorTester" name="testIterator_unknownOrderRemoveSupported[PersistentMapTest [collection size: zero] values [collection size: zero]]"/>
  <testcase time="0" classname="com.google.common.collect.testing.testers.CollectionIteratorTester" name="testIteratorNoSuchElementException[PersistentMapTest [collection size: zero] values [collection size: zero]]"/>
  <testcase time="0" classname="com.google.common.collect.testing.testers.CollectionRemoveAllTester" name="testRemoveAll_emptyCollection[PersistentMapTest [collection size: zero] values [collection size: zero]]"/>
  <testcase time="0" classname="com.google.common.collect.testing.testers.CollectionRemoveAllTester" name="testRemoveAll_nonePresent[PersistentMapTest [collection size: zero] values [collection size: zero]]"/>
  <testcase time="0" classname="com.google.common.collect.testing.testers.CollectionRemoveAllTester" name="testRemoveAll_nullCollectionReferenceEmptySubject[PersistentMapTest [collection size: zero] values [collection size: zero]]"/>
  <testcase time="0" classname="com.google.common.collect.testing.testers.CollectionRemoveAllTester" name="testRemoveAll_containsNullNo[PersistentMapTest [collection size: zero] values [collection size: zero]]"/>
  <testcase time="0" classname="com.google.common.collect.testing.testers.CollectionRemoveAllTester" name="testRemoveAll_containsWrongType[PersistentMapTest [collection size: zero] values [collection size: zero]]"/>
  <testcase time="0" classname="com.google.common.collect.testing.testers.CollectionRemoveTester" name="testRemove_notPresent[PersistentMapTest [collection size: zero] values [collection size: zero]]"/>
  <testcase time="0" classname="com.google.common.collect.testing.testers.CollectionRemoveTester" name="testRemove_wrongType[PersistentMapTest [collection size: zero] values [collection size: zero]]"/>
  <testcase time="0" classname="com.google.common.collect.testing.testers.CollectionRemoveTester" name="testRemove_nullNotSupported[PersistentMapTest [collection size: zero] values [collection size: zero]]"/>
  <testcase time="0" classname="com.google.common.collect.testing.testers.CollectionRetainAllTester" name="testRetainAll_emptyPreviouslyEmpty[PersistentMapTest [collection size: zero] values [collection size: zero]]"/>
  <testcase time="0.001" classname="com.google.common.collect.testing.testers.CollectionRetainAllTester" name="testRetainAll_disjointPreviouslyEmpty[PersistentMapTest [collection size: zero] values [collection size: zero]]"/>
  <testcase time="0.001" classname="com.google.common.collect.testing.testers.CollectionRetainAllTester" name="testRetainAll_superset[PersistentMapTest [collection size: zero] values [collection size: zero]]"/>
  <testcase time="0.001" classname="com.google.common.collect.testing.testers.CollectionRetainAllTester" name="testRetainAll_sameElements[PersistentMapTest [collection size: zero] values [collection size: zero]]"/>
  <testcase time="0.001" classname="com.google.common.collect.testing.testers.CollectionRetainAllTester" name="testRetainAll_nullSingletonPreviouslyEmpty[PersistentMapTest [collection size: zero] values [collection size: zero]]"/>
  <testcase time="0.001" classname="com.google.common.collect.testing.testers.CollectionRetainAllTester" name="testRetainAll_nullCollectionReferenceEmptySubject[PersistentMapTest [collection size: zero] values [collection size: zero]]"/>
  <testcase time="0.001" classname="com.google.common.collect.testing.testers.CollectionSizeTester" name="testSize[PersistentMapTest [collection size: zero] values [collection size: zero]]"/>
  <testcase time="0.001" classname="com.google.common.collect.testing.testers.CollectionToArrayTester" name="testToArray_noArgs[PersistentMapTest [collection size: zero] values [collection size: zero]]"/>
  <testcase time="0.001" classname="com.google.common.collect.testing.testers.CollectionToArrayTester" name="testToArray_isPlainObjectArray[PersistentMapTest [collection size: zero] values [collection size: zero]]"/>
  <testcase time="0.001" classname="com.google.common.collect.testing.testers.CollectionToArrayTester" name="testToArray_emptyArray[PersistentMapTest [collection size: zero] values [collection size: zero]]"/>
  <testcase time="0.001" classname="com.google.common.collect.testing.testers.CollectionToArrayTester" name="testToArray_emptyArrayOfObject[PersistentMapTest [collection size: zero] values [collection size: zero]]"/>
  <testcase time="0.001" classname="com.google.common.collect.testing.testers.CollectionToArrayTester" name="testToArray_rightSizedArray[PersistentMapTest [collection size: zero] values [collection size: zero]]"/>
  <testcase time="0.001" classname="com.google.common.collect.testing.testers.CollectionToArrayTester" name="testToArray_rightSizedArrayOfObject[PersistentMapTest [collection size: zero] values [collection size: zero]]"/>
  <testcase time="0.001" classname="com.google.common.collect.testing.testers.CollectionToArrayTester" name="testToArray_oversizedArray[PersistentMapTest [collection size: zero] values [collection size: zero]]"/>
  <testcase time="0.001" classname="com.google.common.collect.testing.testers.CollectionToArrayTester" name="testToArray_emptyArrayOfWrongTypeForEmptyCollection[PersistentMapTest [collection size: zero] values [collection size: zero]]"/>
  <testcase time="0" classname="com.google.common.collect.testing.testers.CollectionToStringTester" name="testToString_minimal[PersistentMapTest [collection size: zero] values [collection size: zero]]"/>
  <testcase time="0.001" classname="com.google.common.collect.testing.testers.CollectionToStringTester" name="testToString_size0[PersistentMapTest [collection size: zero] values [collection size: zero]]"/>
  <testcase time="0" classname="com.google.common.collect.testing.ExampleIteratorTester" name="testSomethingAboutIterators[PersistentMapTest [collection size: zero] values [collection size: zero] iterator]"/>
  <testcase time="0.002" classname="com.google.common.collect.testing.testers.MapClearTester" name="testClear[PersistentMapTest [collection size: one]]"/>
  <testcase time="0.001" classname="com.google.common.collect.testing.testers.MapContainsKeyTester" name="testContains_nullNotContainedAndUnsupported[PersistentMapTest [collection size: one]]"/>
  <testcase time="0.002" classname="com.google.common.collect.testing.testers.MapContainsKeyTester" name="testContains_yes[PersistentMapTest [collection size: one]]"/>
  <testcase time="0.002" classname="com.google.common.collect.testing.testers.MapContainsKeyTester" name="testContains_no[PersistentMapTest [collection size: one]]"/>
  <testcase time="0.002" classname="com.google.common.collect.testing.testers.MapContainsKeyTester" name="testContains_wrongType[PersistentMapTest [collection size: one]]"/>
  <testcase time="0.003" classname="com.google.common.collect.testing.testers.MapContainsValueTester" name="testContains_nullNotContainedAndUnsupported[PersistentMapTest [collection size: one]]"/>
  <testcase time="0.002" classname="com.google.common.collect.testing.testers.MapContainsValueTester" name="testContains_yes[PersistentMapTest [collection size: one]]"/>
  <testcase time="0.002" classname="com.google.common.collect.testing.testers.MapContainsValueTester" name="testContains_no[PersistentMapTest [collection size: one]]"/>
  <testcase time="0.002" classname="com.google.common.collect.testing.testers.MapContainsValueTester" name="testContains_wrongType[PersistentMapTest [collection size: one]]"/>
  <testcase time="0.003" classname="com.google.common.collect.testing.testers.MapCreationTester" name="testCreateWithNullKeyUnsupported[PersistentMapTest [collection size: one]]"/>
  <testcase time="0.003" classname="com.google.common.collect.testing.testers.MapCreationTester" name="testCreateWithNullValueUnsupported[PersistentMapTest [collection size: one]]"/>
  <testcase time="0.002" classname="com.google.common.collect.testing.testers.MapEqualsTester" name="testEquals_otherMapWithSameEntries[PersistentMapTest [collection size: one]]"/>
  <testcase time="0.002" classname="com.google.common.collect.testing.testers.MapEqualsTester" name="testEquals_otherMapWithDifferentEntries[PersistentMapTest [collection size: one]]"/>
  <testcase time="0.002" classname="com.google.common.collect.testing.testers.MapEqualsTester" name="testEquals_otherContainsNullKey[PersistentMapTest [collection size: one]]"/>
  <testcase time="0.002" classname="com.google.common.collect.testing.testers.MapEqualsTester" name="testEquals_otherContainsNullValue[PersistentMapTest [collection size: one]]"/>
  <testcase time="0.002" classname="com.google.common.collect.testing.testers.MapEqualsTester" name="testEquals_smallerMap[PersistentMapTest [collection size: one]]"/>
  <testcase time="0.002" classname="com.google.common.collect.testing.testers.MapEqualsTester" name="testEquals_largerMap[PersistentMapTest [collection size: one]]"/>
  <testcase time="0.002" classname="com.google.common.collect.testing.testers.MapEqualsTester" name="testEquals_list[PersistentMapTest [collection size: one]]"/>
  <testcase time="0.005" classname="com.google.common.collect.testing.testers.MapGetTester" name="testGet_yes[PersistentMapTest [collection size: one]]"/>
  <testcase time="0.002" classname="com.google.common.collect.testing.testers.MapGetTester" name="testGet_no[PersistentMapTest [collection size: one]]"/>
  <testcase time="0.005" classname="com.google.common.collect.testing.testers.MapGetTester" name="testGet_nullNotContainedAndUnsupported[PersistentMapTest [collection size: one]]"/>
  <testcase time="0.002" classname="com.google.common.collect.testing.testers.MapGetTester" name="testGet_wrongType[PersistentMapTest [collection size: one]]"/>
  <testcase time="0.003" classname="com.google.common.collect.testing.testers.MapHashCodeTester" name="testHashCode[PersistentMapTest [collection size: one]]"/>
  <testcase time="0.002" classname="com.google.common.collect.testing.testers.MapIsEmptyTester" name="testIsEmpty_no[PersistentMapTest [collection size: one]]"/>
  <testcase time="0.003" classname="com.google.common.collect.testing.testers.MapPutTester" name="testPut_supportedNotPresent[PersistentMapTest [collection size: one]]"/>
  <testcase time="0.002" classname="com.google.common.collect.testing.testers.MapPutTester" name="testPutAbsentConcurrentWithEntrySetIteration[PersistentMapTest [collection size: one]]"/>
  <testcase time="0.003" classname="com.google.common.collect.testing.testers.MapPutTester" name="testPutAbsentConcurrentWithKeySetIteration[PersistentMapTest [collection size: one]]"/>
  <testcase time="0.006" classname="com.google.common.collect.testing.testers.MapPutTester" name="testPutAbsentConcurrentWithValueIteration[PersistentMapTest [collection size: one]]"/>
  <testcase time="0.003" classname="com.google.common.collect.testing.testers.MapPutTester" name="testPut_nullKeyUnsupported[PersistentMapTest [collection size: one]]"/>
  <testcase time="0.001" classname="com.google.common.collect.testing.testers.MapPutTester" name="testPut_nullValueUnsupported[PersistentMapTest [collection size: one]]"/>
  <testcase time="0.002" classname="com.google.common.collect.testing.testers.MapPutTester" name="testPut_replaceWithNullValueUnsupported[PersistentMapTest [collection size: one]]"/>
  <testcase time="0.002" classname="com.google.common.collect.testing.testers.MapPutAllTester" name="testPutAll_supportedNothing[PersistentMapTest [collection size: one]]"/>
  <testcase time="0.003" classname="com.google.common.collect.testing.testers.MapPutAllTester" name="testPutAll_supportedNonePresent[PersistentMapTest [collection size: one]]"/>
  <testcase time="0.004" classname="com.google.common.collect.testing.testers.MapPutAllTester" name="testPutAll_supportedSomePresent[PersistentMapTest [collection size: one]]"/>
  <testcase time="0.002" classname="com.google.common.collect.testing.testers.MapPutAllTester" name="testPutAllSomePresentConcurrentWithEntrySetIteration[PersistentMapTest [collection size: one]]"/>
  <testcase time="0.002" classname="com.google.common.collect.testing.testers.MapPutAllTester" name="testPutAll_nullKeyUnsupported[PersistentMapTest [collection size: one]]"/>
  <testcase time="0.002" classname="com.google.common.collect.testing.testers.MapPutAllTester" name="testPutAll_nullValueUnsupported[PersistentMapTest [collection size: one]]"/>
  <testcase time="0.002" classname="com.google.common.collect.testing.testers.MapPutAllTester" name="testPutAll_nullCollectionReference[PersistentMapTest [collection size: one]]"/>
  <testcase time="0.002" classname="com.google.common.collect.testing.testers.MapRemoveTester" name="testRemove_present[PersistentMapTest [collection size: one]]"/>
  <testcase time="0.002" classname="com.google.common.collect.testing.testers.MapRemoveTester" name="testRemove_notPresent[PersistentMapTest [collection size: one]]"/>
  <testcase time="0.002" classname="com.google.common.collect.testing.testers.MapRemoveTester" name="testRemove_nullQueriesNotSupported[PersistentMapTest [collection size: one]]"/>
  <testcase time="0.002" classname="com.google.common.collect.testing.testers.MapRemoveTester" name="testRemove_wrongType[PersistentMapTest [collection size: one]]"/>
  <testcase time="0.002" classname="com.google.common.collect.testing.testers.MapSizeTester" name="testSize[PersistentMapTest [collection size: one]]"/>
  <testcase time="0.001" classname="com.google.common.collect.testing.testers.CollectionAddAllTester" name="testAddAll_unsupportedNothing[PersistentMapTest [collection size: one] entrySet [collection size: one]]"/>
  <testcase time="0.001" classname="com.google.common.collect.testing.testers.CollectionAddAllTester" name="testAddAll_unsupportedNonePresent[PersistentMapTest [collection size: one] entrySet [collection size: one]]"/>
  <testcase time="0" classname="com.google.common.collect.testing.testers.CollectionAddAllTester" name="testAddAll_unsupportedSomePresent[PersistentMapTest [collection size: one] entrySet [collection size: one]]"/>
  <testcase time="0.002" classname="com.google.common.collect.testing.testers.CollectionAddAllTester" name="testAddAll_unsupportedAllPresent[PersistentMapTest [collection size: one] entrySet [collection size: one]]"/>
  <testcase time="0.001" classname="com.google.common.collect.testing.testers.CollectionAddTester" name="testAdd_unsupportedNotPresent[PersistentMapTest [collection size: one] entrySet [collection size: one]]"/>
  <testcase time="0.002" classname="com.google.common.collect.testing.testers.CollectionAddTester" name="testAdd_unsupportedPresent[PersistentMapTest [collection size: one] entrySet [collection size: one]]"/>
  <testcase time="0.001" classname="com.google.common.collect.testing.testers.CollectionClearTester" name="testClear[PersistentMapTest [collection size: one] entrySet [collection size: one]]"/>
  <testcase time="0.001" classname="com.google.common.collect.testing.testers.CollectionContainsAllTester" name="testContainsAll_subset[PersistentMapTest [collection size: one] entrySet [collection size: one]]"/>
  <testcase time="0.001" classname="com.google.common.collect.testing.testers.CollectionContainsAllTester" name="testContainsAll_self[PersistentMapTest [collection size: one] entrySet [collection size: one]]"/>
  <testcase time="0.001" classname="com.google.common.collect.testing.testers.CollectionContainsAllTester" name="testContainsAll_empty[PersistentMapTest [collection size: one] entrySet [collection size: one]]"/>
  <testcase time="0.001" classname="com.google.common.collect.testing.testers.CollectionContainsAllTester" name="testContainsAll_sameElements[PersistentMapTest [collection size: one] entrySet [collection size: one]]"/>
  <testcase time="0.001" classname="com.google.common.collect.testing.testers.CollectionContainsAllTester" name="testContainsAll_partialOverlap[PersistentMapTest [collection size: one] entrySet [collection size: one]]"/>
  <testcase time="0.002" classname="com.google.common.collect.testing.testers.CollectionContainsAllTester" name="testContainsAll_disjoint[PersistentMapTest [collection size: one] entrySet [collection size: one]]"/>
  <testcase time="0.001" classname="com.google.common.collect.testing.testers.CollectionContainsAllTester" name="testContainsAll_nullAllowed[PersistentMapTest [collection size: one] entrySet [collection size: one]]"/>
  <testcase time="0.001" classname="com.google.common.collect.testing.testers.CollectionContainsAllTester" name="testContainsAll_wrongType[PersistentMapTest [collection size: one] entrySet [collection size: one]]"/>
  <testcase time="0.001" classname="com.google.common.collect.testing.testers.CollectionContainsTester" name="testContains_yes[PersistentMapTest [collection size: one] entrySet [collection size: one]]"/>
  <testcase time="0.001" classname="com.google.common.collect.testing.testers.CollectionContainsTester" name="testContains_no[PersistentMapTest [collection size: one] entrySet [collection size: one]]"/>
  <testcase time="0.001" classname="com.google.common.collect.testing.testers.CollectionContainsTester" name="testContains_wrongType[PersistentMapTest [collection size: one] entrySet [collection size: one]]"/>
  <testcase time="0.001" classname="com.google.common.collect.testing.testers.CollectionContainsTester" name="testContains_nullNotContainedButQueriesSupported[PersistentMapTest [collection size: one] entrySet [collection size: one]]"/>
  <testcase time="0.003" classname="com.google.common.collect.testing.testers.CollectionEqualsTester" name="testEquals_self[PersistentMapTest [collection size: one] entrySet [collection size: one]]"/>
  <testcase time="0.001" classname="com.google.common.collect.testing.testers.CollectionEqualsTester" name="testEquals_null[PersistentMapTest [collection size: one] entrySet [collection size: one]]"/>
  <testcase time="0.002" classname="com.google.common.collect.testing.testers.CollectionEqualsTester" name="testEquals_notACollection[PersistentMapTest [collection size: one] entrySet [collection size: one]]"/>
  <testcase time="0.001" classname="com.google.common.collect.testing.testers.CollectionIsEmptyTester" name="testIsEmpty_no[PersistentMapTest [collection size: one] entrySet [collection size: one]]"/>
  <testcase time="0.001" classname="com.google.common.collect.testing.testers.CollectionIteratorTester" name="testIterator[PersistentMapTest [collection size: one] entrySet [collection size: one]]"/>
  <testcase time="0.007" classname="com.google.common.collect.testing.testers.CollectionIteratorTester" name="testIterator_unknownOrderRemoveSupported[PersistentMapTest [collection size: one] entrySet [collection size: one]]">
    <failure message="failed with stimuli [hasNext, hasNext, hasNext, hasNext, remove]" type="junit.framework.AssertionFailedError">junit.framework.AssertionFailedError: failed with stimuli [hasNext, hasNext, hasNext, hasNext, remove]
	at com.google.common.collect.testing.Helpers.fail(Helpers.java:164)
	at com.google.common.collect.testing.AbstractIteratorTester.compareResultsForThisListOfStimuli(AbstractIteratorTester.java:420)
	at com.google.common.collect.testing.AbstractIteratorTester.recurse(AbstractIteratorTester.java:385)
	at com.google.common.collect.testing.AbstractIteratorTester.recurse(AbstractIteratorTester.java:390)
	at com.google.common.collect.testing.AbstractIteratorTester.recurse(AbstractIteratorTester.java:390)
	at com.google.common.collect.testing.AbstractIteratorTester.recurse(AbstractIteratorTester.java:390)
	at com.google.common.collect.testing.AbstractIteratorTester.recurse(AbstractIteratorTester.java:390)
	at com.google.common.collect.testing.AbstractIteratorTester.recurse(AbstractIteratorTester.java:390)
	at com.google.common.collect.testing.AbstractIteratorTester.test(AbstractIteratorTester.java:374)
	at com.google.common.collect.testing.testers.CollectionIteratorTester.runIteratorTest(CollectionIteratorTester.java:100)
	at com.google.common.collect.testing.testers.CollectionIteratorTester.testIterator_unknownOrderRemoveSupported(CollectionIteratorTester.java:88)
	at sun.reflect.NativeMethodAccessorImpl.invoke0(Native Method)
	at sun.reflect.NativeMethodAccessorImpl.invoke(NativeMethodAccessorImpl.java:57)
	at sun.reflect.DelegatingMethodAccessorImpl.invoke(DelegatingMethodAccessorImpl.java:43)
	at java.lang.reflect.Method.invoke(Method.java:601)
	at junit.framework.TestCase.runTest(TestCase.java:168)
	at junit.framework.TestCase.runBare(TestCase.java:134)
	at junit.framework.TestResult$1.protect(TestResult.java:110)
	at junit.framework.TestResult.runProtected(TestResult.java:128)
	at junit.framework.TestResult.run(TestResult.java:113)
	at junit.framework.TestCase.run(TestCase.java:124)
	at junit.framework.TestSuite.runTest(TestSuite.java:243)
	at junit.framework.TestSuite.run(TestSuite.java:238)
	at junit.framework.TestSuite.runTest(TestSuite.java:243)
	at junit.framework.TestSuite.run(TestSuite.java:238)
	at junit.framework.TestSuite.runTest(TestSuite.java:243)
	at junit.framework.TestSuite.run(TestSuite.java:238)
	at junit.framework.TestSuite.runTest(TestSuite.java:243)
	at junit.framework.TestSuite.run(TestSuite.java:238)
	at junit.framework.TestSuite.runTest(TestSuite.java:243)
	at junit.framework.TestSuite.run(TestSuite.java:238)
	at org.junit.internal.runners.JUnit38ClassRunner.run(JUnit38ClassRunner.java:83)
	at org.apache.maven.surefire.junit4.JUnit4TestSet.execute(JUnit4TestSet.java:53)
	at org.apache.maven.surefire.junit4.JUnit4Provider.executeTestSet(JUnit4Provider.java:123)
	at org.apache.maven.surefire.junit4.JUnit4Provider.invoke(JUnit4Provider.java:104)
	at sun.reflect.NativeMethodAccessorImpl.invoke0(Native Method)
	at sun.reflect.NativeMethodAccessorImpl.invoke(NativeMethodAccessorImpl.java:57)
	at sun.reflect.DelegatingMethodAccessorImpl.invoke(DelegatingMethodAccessorImpl.java:43)
	at java.lang.reflect.Method.invoke(Method.java:601)
	at org.apache.maven.surefire.util.ReflectionUtils.invokeMethodWithArray(ReflectionUtils.java:164)
	at org.apache.maven.surefire.booter.ProviderFactory$ProviderProxy.invoke(ProviderFactory.java:110)
	at org.apache.maven.surefire.booter.SurefireStarter.invokeProvider(SurefireStarter.java:175)
	at org.apache.maven.surefire.booter.SurefireStarter.runSuitesInProcessWhenForked(SurefireStarter.java:107)
	at org.apache.maven.surefire.booter.ForkedBooter.main(ForkedBooter.java:68)
Caused by: junit.framework.AssertionFailedError: Exception class java.lang.NullPointerException was thrown; expected one of [class java.lang.IllegalStateException]
	at com.google.common.collect.testing.Helpers.fail(Helpers.java:164)
	at com.google.common.collect.testing.AbstractIteratorTester$PermittedMetaException.assertPermitted(AbstractIteratorTester.java:142)
	at com.google.common.collect.testing.AbstractIteratorTester.internalExecuteAndCompare(AbstractIteratorTester.java:518)
	at com.google.common.collect.testing.AbstractIteratorTester.access$500(AbstractIteratorTester.java:51)
	at com.google.common.collect.testing.AbstractIteratorTester$8.executeAndCompare(AbstractIteratorTester.java:611)
	at com.google.common.collect.testing.AbstractIteratorTester.compareResultsForThisListOfStimuli(AbstractIteratorTester.java:406)
	... 42 more
Caused by: java.lang.NullPointerException
	at com.google.common.base.Preconditions.checkNotNull(Preconditions.java:191)
	at com.jloisel.collection.map.persistence.FileUtils.toPath(FileUtils.java:59)
	at com.jloisel.collection.map.persistence.FileUtils.remove(FileUtils.java:55)
	at com.jloisel.collection.map.PersistentMapSetIterator.remove(PersistentMapSetIterator.java:38)
	at com.google.common.collect.testing.AbstractIteratorTester$1.execute(AbstractIteratorTester.java:527)
	at com.google.common.collect.testing.AbstractIteratorTester.internalExecuteAndCompare(AbstractIteratorTester.java:454)
	... 45 more
</failure>
  </testcase>
  <testcase time="0.001" classname="com.google.common.collect.testing.testers.CollectionIteratorTester" name="testIteratorNoSuchElementException[PersistentMapTest [collection size: one] entrySet [collection size: one]]"/>
  <testcase time="0.001" classname="com.google.common.collect.testing.testers.CollectionRemoveAllTester" name="testRemoveAll_emptyCollection[PersistentMapTest [collection size: one] entrySet [collection size: one]]"/>
  <testcase time="0.001" classname="com.google.common.collect.testing.testers.CollectionRemoveAllTester" name="testRemoveAll_nonePresent[PersistentMapTest [collection size: one] entrySet [collection size: one]]"/>
  <testcase time="0.001" classname="com.google.common.collect.testing.testers.CollectionRemoveAllTester" name="testRemoveAll_allPresent[PersistentMapTest [collection size: one] entrySet [collection size: one]]"/>
  <testcase time="0.001" classname="com.google.common.collect.testing.testers.CollectionRemoveAllTester" name="testRemoveAll_somePresent[PersistentMapTest [collection size: one] entrySet [collection size: one]]"/>
  <testcase time="0.001" classname="com.google.common.collect.testing.testers.CollectionRemoveAllTester" name="testRemoveAll_somePresentLargeCollectionToRemove[PersistentMapTest [collection size: one] entrySet [collection size: one]]"/>
  <testcase time="0.001" classname="com.google.common.collect.testing.testers.CollectionRemoveAllTester" name="testRemoveAll_nullCollectionReferenceNonEmptySubject[PersistentMapTest [collection size: one] entrySet [collection size: one]]"/>
  <testcase time="0.002" classname="com.google.common.collect.testing.testers.CollectionRemoveAllTester" name="testRemoveAll_containsNullNoButAllowed[PersistentMapTest [collection size: one] entrySet [collection size: one]]"/>
  <testcase time="0.001" classname="com.google.common.collect.testing.testers.CollectionRemoveAllTester" name="testRemoveAll_containsWrongType[PersistentMapTest [collection size: one] entrySet [collection size: one]]"/>
  <testcase time="0.002" classname="com.google.common.collect.testing.testers.CollectionRemoveTester" name="testRemove_present[PersistentMapTest [collection size: one] entrySet [collection size: one]]"/>
  <testcase time="0.001" classname="com.google.common.collect.testing.testers.CollectionRemoveTester" name="testRemove_notPresent[PersistentMapTest [collection size: one] entrySet [collection size: one]]"/>
  <testcase time="0.001" classname="com.google.common.collect.testing.testers.CollectionRemoveTester" name="testRemove_wrongType[PersistentMapTest [collection size: one] entrySet [collection size: one]]"/>
  <testcase time="0.001" classname="com.google.common.collect.testing.testers.CollectionRemoveTester" name="testRemove_nullAllowed[PersistentMapTest [collection size: one] entrySet [collection size: one]]"/>
  <testcase time="0.001" classname="com.google.common.collect.testing.testers.CollectionRetainAllTester" name="testRetainAll_emptyPreviouslyNonEmpty[PersistentMapTest [collection size: one] entrySet [collection size: one]]"/>
  <testcase time="0.001" classname="com.google.common.collect.testing.testers.CollectionRetainAllTester" name="testRetainAll_disjointPreviouslyNonEmpty[PersistentMapTest [collection size: one] entrySet [collection size: one]]"/>
  <testcase time="0.001" classname="com.google.common.collect.testing.testers.CollectionRetainAllTester" name="testRetainAll_superset[PersistentMapTest [collection size: one] entrySet [collection size: one]]"/>
  <testcase time="0.001" classname="com.google.common.collect.testing.testers.CollectionRetainAllTester" name="testRetainAll_sameElements[PersistentMapTest [collection size: one] entrySet [collection size: one]]"/>
  <testcase time="0.002" classname="com.google.common.collect.testing.testers.CollectionRetainAllTester" name="testRetainAll_containsDuplicatesSizeOne[PersistentMapTest [collection size: one] entrySet [collection size: one]]"/>
  <testcase time="0.001" classname="com.google.common.collect.testing.testers.CollectionRetainAllTester" name="testRetainAll_nullSingletonPreviouslyNonEmpty[PersistentMapTest [collection size: one] entrySet [collection size: one]]"/>
  <testcase time="0.002" classname="com.google.common.collect.testing.testers.CollectionRetainAllTester" name="testRetainAll_nullCollectionReferenceNonEmptySubject[PersistentMapTest [collection size: one] entrySet [collection size: one]]"/>
  <testcase time="0.002" classname="com.google.common.collect.testing.testers.CollectionSizeTester" name="testSize[PersistentMapTest [collection size: one] entrySet [collection size: one]]"/>
  <testcase time="0.001" classname="com.google.common.collect.testing.testers.CollectionToArrayTester" name="testToArray_noArgs[PersistentMapTest [collection size: one] entrySet [collection size: one]]"/>
  <testcase time="0.001" classname="com.google.common.collect.testing.testers.CollectionToArrayTester" name="testToArray_isPlainObjectArray[PersistentMapTest [collection size: one] entrySet [collection size: one]]"/>
  <testcase time="0.001" classname="com.google.common.collect.testing.testers.CollectionToArrayTester" name="testToArray_emptyArray[PersistentMapTest [collection size: one] entrySet [collection size: one]]"/>
  <testcase time="0.002" classname="com.google.common.collect.testing.testers.CollectionToArrayTester" name="testToArray_emptyArrayOfObject[PersistentMapTest [collection size: one] entrySet [collection size: one]]"/>
  <testcase time="0.001" classname="com.google.common.collect.testing.testers.CollectionToArrayTester" name="testToArray_rightSizedArray[PersistentMapTest [collection size: one] entrySet [collection size: one]]"/>
  <testcase time="0.001" classname="com.google.common.collect.testing.testers.CollectionToArrayTester" name="testToArray_rightSizedArrayOfObject[PersistentMapTest [collection size: one] entrySet [collection size: one]]"/>
  <testcase time="0.001" classname="com.google.common.collect.testing.testers.CollectionToArrayTester" name="testToArray_oversizedArray[PersistentMapTest [collection size: one] entrySet [collection size: one]]"/>
  <testcase time="0.001" classname="com.google.common.collect.testing.testers.CollectionToArrayTester" name="testToArray_emptyArrayOfWrongTypeForNonEmptyCollection[PersistentMapTest [collection size: one] entrySet [collection size: one]]"/>
  <testcase time="0.001" classname="com.google.common.collect.testing.testers.CollectionToStringTester" name="testToString_size1[PersistentMapTest [collection size: one] entrySet [collection size: one]]"/>
  <testcase time="0.001" classname="com.google.common.collect.testing.testers.CollectionToStringTester" name="testToString_minimal[PersistentMapTest [collection size: one] entrySet [collection size: one]]"/>
  <testcase time="0.001" classname="com.google.common.collect.testing.testers.SetHashCodeTester" name="testHashCode[PersistentMapTest [collection size: one] entrySet [collection size: one]]"/>
  <testcase time="0.001" classname="com.google.common.collect.testing.testers.SetEqualsTester" name="testEquals_list[PersistentMapTest [collection size: one] entrySet [collection size: one]]"/>
  <testcase time="0.001" classname="com.google.common.collect.testing.testers.SetEqualsTester" name="testEquals_otherSetWithSameElements[PersistentMapTest [collection size: one] entrySet [collection size: one]]"/>
  <testcase time="0.001" classname="com.google.common.collect.testing.testers.SetEqualsTester" name="testEquals_otherSetWithDifferentElements[PersistentMapTest [collection size: one] entrySet [collection size: one]]"/>
  <testcase time="0.001" classname="com.google.common.collect.testing.testers.SetEqualsTester" name="testEquals_otherContainsNull[PersistentMapTest [collection size: one] entrySet [collection size: one]]"/>
  <testcase time="0.001" classname="com.google.common.collect.testing.testers.SetEqualsTester" name="testEquals_smallerSet[PersistentMapTest [collection size: one] entrySet [collection size: one]]"/>
  <testcase time="0.001" classname="com.google.common.collect.testing.testers.SetEqualsTester" name="testEquals_largerSet[PersistentMapTest [collection size: one] entrySet [collection size: one]]"/>
  <testcase time="0.002" classname="com.google.common.collect.testing.testers.SetRemoveTester" name="testRemove_present[PersistentMapTest [collection size: one] entrySet [collection size: one]]"/>
  <testcase time="0" classname="com.google.common.collect.testing.ExampleIteratorTester" name="testSomethingAboutIterators[PersistentMapTest [collection size: one] entrySet [collection size: one] iterator]"/>
  <testcase time="0.002" classname="com.google.common.collect.testing.testers.CollectionAddAllTester" name="testAddAll_unsupportedNothing[PersistentMapTest [collection size: one] keys [collection size: one]]"/>
  <testcase time="0.003" classname="com.google.common.collect.testing.testers.CollectionAddAllTester" name="testAddAll_unsupportedNonePresent[PersistentMapTest [collection size: one] keys [collection size: one]]"/>
  <testcase time="0.001" classname="com.google.common.collect.testing.testers.CollectionAddAllTester" name="testAddAll_unsupportedSomePresent[PersistentMapTest [collection size: one] keys [collection size: one]]"/>
  <testcase time="0.002" classname="com.google.common.collect.testing.testers.CollectionAddAllTester" name="testAddAll_unsupportedAllPresent[PersistentMapTest [collection size: one] keys [collection size: one]]"/>
  <testcase time="0.008" classname="com.google.common.collect.testing.testers.CollectionAddTester" name="testAdd_unsupportedNotPresent[PersistentMapTest [collection size: one] keys [collection size: one]]"/>
  <testcase time="0" classname="com.google.common.collect.testing.testers.CollectionAddTester" name="testAdd_unsupportedPresent[PersistentMapTest [collection size: one] keys [collection size: one]]"/>
  <testcase time="0" classname="com.google.common.collect.testing.testers.CollectionClearTester" name="testClear[PersistentMapTest [collection size: one] keys [collection size: one]]"/>
  <testcase time="0" classname="com.google.common.collect.testing.testers.CollectionContainsAllTester" name="testContainsAll_subset[PersistentMapTest [collection size: one] keys [collection size: one]]"/>
  <testcase time="0" classname="com.google.common.collect.testing.testers.CollectionContainsAllTester" name="testContainsAll_self[PersistentMapTest [collection size: one] keys [collection size: one]]"/>
  <testcase time="0.002" classname="com.google.common.collect.testing.testers.CollectionContainsAllTester" name="testContainsAll_empty[PersistentMapTest [collection size: one] keys [collection size: one]]"/>
  <testcase time="0.001" classname="com.google.common.collect.testing.testers.CollectionContainsAllTester" name="testContainsAll_sameElements[PersistentMapTest [collection size: one] keys [collection size: one]]"/>
  <testcase time="0.001" classname="com.google.common.collect.testing.testers.CollectionContainsAllTester" name="testContainsAll_partialOverlap[PersistentMapTest [collection size: one] keys [collection size: one]]"/>
  <testcase time="0.001" classname="com.google.common.collect.testing.testers.CollectionContainsAllTester" name="testContainsAll_disjoint[PersistentMapTest [collection size: one] keys [collection size: one]]"/>
  <testcase time="0.001" classname="com.google.common.collect.testing.testers.CollectionContainsAllTester" name="testContainsAll_nullNotAllowed[PersistentMapTest [collection size: one] keys [collection size: one]]"/>
  <testcase time="0.001" classname="com.google.common.collect.testing.testers.CollectionContainsAllTester" name="testContainsAll_wrongType[PersistentMapTest [collection size: one] keys [collection size: one]]"/>
  <testcase time="0.001" classname="com.google.common.collect.testing.testers.CollectionContainsTester" name="testContains_nullNotContainedAndUnsupported[PersistentMapTest [collection size: one] keys [collection size: one]]"/>
  <testcase time="0.001" classname="com.google.common.collect.testing.testers.CollectionContainsTester" name="testContains_yes[PersistentMapTest [collection size: one] keys [collection size: one]]"/>
  <testcase time="0.001" classname="com.google.common.collect.testing.testers.CollectionContainsTester" name="testContains_no[PersistentMapTest [collection size: one] keys [collection size: one]]"/>
  <testcase time="0.001" classname="com.google.common.collect.testing.testers.CollectionContainsTester" name="testContains_wrongType[PersistentMapTest [collection size: one] keys [collection size: one]]"/>
  <testcase time="0.001" classname="com.google.common.collect.testing.testers.CollectionCreationTester" name="testCreateWithNull_unsupported[PersistentMapTest [collection size: one] keys [collection size: one]]"/>
  <testcase time="0.001" classname="com.google.common.collect.testing.testers.CollectionEqualsTester" name="testEquals_self[PersistentMapTest [collection size: one] keys [collection size: one]]"/>
  <testcase time="0.001" classname="com.google.common.collect.testing.testers.CollectionEqualsTester" name="testEquals_null[PersistentMapTest [collection size: one] keys [collection size: one]]"/>
  <testcase time="0.001" classname="com.google.common.collect.testing.testers.CollectionEqualsTester" name="testEquals_notACollection[PersistentMapTest [collection size: one] keys [collection size: one]]"/>
  <testcase time="0.002" classname="com.google.common.collect.testing.testers.CollectionIsEmptyTester" name="testIsEmpty_no[PersistentMapTest [collection size: one] keys [collection size: one]]"/>
  <testcase time="0" classname="com.google.common.collect.testing.testers.CollectionIteratorTester" name="testIterator[PersistentMapTest [collection size: one] keys [collection size: one]]"/>
  <testcase time="0.008" classname="com.google.common.collect.testing.testers.CollectionIteratorTester" name="testIterator_unknownOrderRemoveSupported[PersistentMapTest [collection size: one] keys [collection size: one]]">
    <failure message="failed with stimuli [hasNext, hasNext, hasNext, hasNext, remove]" type="junit.framework.AssertionFailedError">junit.framework.AssertionFailedError: failed with stimuli [hasNext, hasNext, hasNext, hasNext, remove]
	at com.google.common.collect.testing.Helpers.fail(Helpers.java:164)
	at com.google.common.collect.testing.AbstractIteratorTester.compareResultsForThisListOfStimuli(AbstractIteratorTester.java:420)
	at com.google.common.collect.testing.AbstractIteratorTester.recurse(AbstractIteratorTester.java:385)
	at com.google.common.collect.testing.AbstractIteratorTester.recurse(AbstractIteratorTester.java:390)
	at com.google.common.collect.testing.AbstractIteratorTester.recurse(AbstractIteratorTester.java:390)
	at com.google.common.collect.testing.AbstractIteratorTester.recurse(AbstractIteratorTester.java:390)
	at com.google.common.collect.testing.AbstractIteratorTester.recurse(AbstractIteratorTester.java:390)
	at com.google.common.collect.testing.AbstractIteratorTester.recurse(AbstractIteratorTester.java:390)
	at com.google.common.collect.testing.AbstractIteratorTester.test(AbstractIteratorTester.java:374)
[...]
  <testcase time="0.002" classname="com.google.common.collect.testing.testers.CollectionRetainAllTester" name="testRetainAll_disjointPreviouslyNonEmpty[PersistentMapTest [collection size: several] keys [collection size: several]]"/>
  <testcase time="0.002" classname="com.google.common.collect.testing.testers.CollectionRetainAllTester" name="testRetainAll_superset[PersistentMapTest [collection size: several] keys [collection size: several]]"/>
  <testcase time="0.003" classname="com.google.common.collect.testing.testers.CollectionRetainAllTester" name="testRetainAll_subset[PersistentMapTest [collection size: several] keys [collection size: several]]"/>
  <testcase time="0.001" classname="com.google.common.collect.testing.testers.CollectionRetainAllTester" name="testRetainAll_sameElements[PersistentMapTest [collection size: several] keys [collection size: several]]"/>
  <testcase time="0.001" classname="com.google.common.collect.testing.testers.CollectionRetainAllTester" name="testRetainAll_partialOverlap[PersistentMapTest [collection size: several] keys [collection size: several]]"/>
  <testcase time="0.001" classname="com.google.common.collect.testing.testers.CollectionRetainAllTester" name="testRetainAll_containsDuplicatesSizeSeveral[PersistentMapTest [collection size: several] keys [collection size: several]]"/>
  <testcase time="0.001" classname="com.google.common.collect.testing.testers.CollectionRetainAllTester" name="testRetainAll_nullSingletonPreviouslyNonEmpty[PersistentMapTest [collection size: several] keys [collection size: several]]"/>
  <testcase time="0.001" classname="com.google.common.collect.testing.testers.CollectionRetainAllTester" name="testRetainAll_nullCollectionReferenceNonEmptySubject[PersistentMapTest [collection size: several] keys [collection size: several]]"/>
  <testcase time="0.001" classname="com.google.common.collect.testing.testers.CollectionSizeTester" name="testSize[PersistentMapTest [collection size: several] keys [collection size: several]]"/>
  <testcase time="0.001" classname="com.google.common.collect.testing.testers.CollectionToArrayTester" name="testToArray_noArgs[PersistentMapTest [collection size: several] keys [collection size: several]]"/>
  <testcase time="0.007" classname="com.google.common.collect.testing.testers.CollectionToArrayTester" name="testToArray_isPlainObjectArray[PersistentMapTest [collection size: several] keys [collection size: several]]"/>
  <testcase time="0" classname="com.google.common.collect.testing.testers.CollectionToArrayTester" name="testToArray_emptyArray[PersistentMapTest [collection size: several] keys [collection size: several]]"/>
  <testcase time="0" classname="com.google.common.collect.testing.testers.CollectionToArrayTester" name="testToArray_emptyArrayOfObject[PersistentMapTest [collection size: several] keys [collection size: several]]"/>
  <testcase time="0.003" classname="com.google.common.collect.testing.testers.CollectionToArrayTester" name="testToArray_rightSizedArray[PersistentMapTest [collection size: several] keys [collection size: several]]"/>
  <testcase time="0.003" classname="com.google.common.collect.testing.testers.CollectionToArrayTester" name="testToArray_rightSizedArrayOfObject[PersistentMapTest [collection size: several] keys [collection size: several]]"/>
  <testcase time="0.002" classname="com.google.common.collect.testing.testers.CollectionToArrayTester" name="testToArray_oversizedArray[PersistentMapTest [collection size: several] keys [collection size: several]]"/>
  <testcase time="0.002" classname="com.google.common.collect.testing.testers.CollectionToArrayTester" name="testToArray_emptyArrayOfWrongTypeForNonEmptyCollection[PersistentMapTest [collection size: several] keys [collection size: several]]"/>
  <testcase time="0.002" classname="com.google.common.collect.testing.testers.CollectionToStringTester" name="testToString_minimal[PersistentMapTest [collection size: several] keys [collection size: several]]"/>
  <testcase time="0.003" classname="com.google.common.collect.testing.testers.SetCreationTester" name="testCreateWithDuplicates_nonNullDuplicatesNotRejected[PersistentMapTest [collection size: several] keys [collection size: several]]"/>
  <testcase time="0.002" classname="com.google.common.collect.testing.testers.SetHashCodeTester" name="testHashCode[PersistentMapTest [collection size: several] keys [collection size: several]]"/>
  <testcase time="0.002" classname="com.google.common.collect.testing.testers.SetEqualsTester" name="testEquals_list[PersistentMapTest [collection size: several] keys [collection size: several]]"/>
  <testcase time="0.002" classname="com.google.common.collect.testing.testers.SetEqualsTester" name="testEquals_otherSetWithSameElements[PersistentMapTest [collection size: several] keys [collection size: several]]"/>
  <testcase time="0.001" classname="com.google.common.collect.testing.testers.SetEqualsTester" name="testEquals_otherSetWithDifferentElements[PersistentMapTest [collection size: several] keys [collection size: several]]"/>
  <testcase time="0.001" classname="com.google.common.collect.testing.testers.SetEqualsTester" name="testEquals_otherContainsNull[PersistentMapTest [collection size: several] keys [collection size: several]]"/>
  <testcase time="0.001" classname="com.google.common.collect.testing.testers.SetEqualsTester" name="testEquals_smallerSet[PersistentMapTest [collection size: several] keys [collection size: several]]"/>
  <testcase time="0.002" classname="com.google.common.collect.testing.testers.SetEqualsTester" name="testEquals_largerSet[PersistentMapTest [collection size: several] keys [collection size: several]]"/>
  <testcase time="0.002" classname="com.google.common.collect.testing.testers.SetRemoveTester" name="testRemove_present[PersistentMapTest [collection size: several] keys [collection size: several]]"/>
  <testcase time="0.001" classname="com.google.common.collect.testing.ExampleIteratorTester" name="testSomethingAboutIterators[PersistentMapTest [collection size: several] keys [collection size: several] iterator]"/>
  <testcase time="0.002" classname="com.google.common.collect.testing.testers.CollectionAddAllTester" name="testAddAll_unsupportedNothing[PersistentMapTest [collection size: several] values [collection size: several]]"/>
  <testcase time="0.001" classname="com.google.common.collect.testing.testers.CollectionAddAllTester" name="testAddAll_unsupportedNonePresent[PersistentMapTest [collection size: several] values [collection size: several]]"/>
  <testcase time="0.004" classname="com.google.common.collect.testing.testers.CollectionAddAllTester" name="testAddAll_unsupportedSomePresent[PersistentMapTest [collection size: several] values [collection size: several]]"/>
  <testcase time="0.002" classname="com.google.common.collect.testing.testers.CollectionAddAllTester" name="testAddAll_unsupportedAllPresent[PersistentMapTest [collection size: several] values [collection size: several]]"/>
  <testcase time="0.002" classname="com.google.common.collect.testing.testers.CollectionAddTester" name="testAdd_unsupportedNotPresent[PersistentMapTest [collection size: several] values [collection size: several]]"/>
  <testcase time="0.002" classname="com.google.common.collect.testing.testers.CollectionAddTester" name="testAdd_unsupportedPresent[PersistentMapTest [collection size: several] values [collection size: several]]"/>
  <testcase time="0.002" classname="com.google.common.collect.testing.testers.CollectionClearTester" name="testClear[PersistentMapTest [collection size: several] values [collection size: several]]"/>
  <testcase time="0.002" classname="com.google.common.collect.testing.testers.CollectionClearTester" name="testClearConcurrentWithIteration[PersistentMapTest [collection size: several] values [collection size: several]]"/>
  <testcase time="0.001" classname="com.google.common.collect.testing.testers.CollectionContainsAllTester" name="testContainsAll_subset[PersistentMapTest [collection size: several] values [collection size: several]]"/>
  <testcase time="0.002" classname="com.google.common.collect.testing.testers.CollectionContainsAllTester" name="testContainsAll_self[PersistentMapTest [collection size: several] values [collection size: several]]"/>
  <testcase time="0.002" classname="com.google.common.collect.testing.testers.CollectionContainsAllTester" name="testContainsAll_empty[PersistentMapTest [collection size: several] values [collection size: several]]"/>
  <testcase time="0.002" classname="com.google.common.collect.testing.testers.CollectionContainsAllTester" name="testContainsAll_sameElements[PersistentMapTest [collection size: several] values [collection size: several]]"/>
  <testcase time="0.004" classname="com.google.common.collect.testing.testers.CollectionContainsAllTester" name="testContainsAll_partialOverlap[PersistentMapTest [collection size: several] values [collection size: several]]"/>
  <testcase time="0.005" classname="com.google.common.collect.testing.testers.CollectionContainsAllTester" name="testContainsAll_disjoint[PersistentMapTest [collection size: several] values [collection size: several]]"/>
  <testcase time="0.002" classname="com.google.common.collect.testing.testers.CollectionContainsAllTester" name="testContainsAll_nullNotAllowed[PersistentMapTest [collection size: several] values [collection size: several]]"/>
  <testcase time="0.002" classname="com.google.common.collect.testing.testers.CollectionContainsAllTester" name="testContainsAll_wrongType[PersistentMapTest [collection size: several] values [collection size: several]]"/>
  <testcase time="0.002" classname="com.google.common.collect.testing.testers.CollectionContainsTester" name="testContains_nullNotContainedAndUnsupported[PersistentMapTest [collection size: several] values [collection size: several]]"/>
  <testcase time="0.002" classname="com.google.common.collect.testing.testers.CollectionContainsTester" name="testContains_yes[PersistentMapTest [collection size: several] values [collection size: several]]"/>
  <testcase time="0.001" classname="com.google.common.collect.testing.testers.CollectionContainsTester" name="testContains_no[PersistentMapTest [collection size: several] values [collection size: several]]"/>
  <testcase time="0.002" classname="com.google.common.collect.testing.testers.CollectionContainsTester" name="testContains_wrongType[PersistentMapTest [collection size: several] values [collection size: several]]"/>
  <testcase time="0.003" classname="com.google.common.collect.testing.testers.CollectionCreationTester" name="testCreateWithNull_unsupported[PersistentMapTest [collection size: several] values [collection size: several]]"/>
  <testcase time="0.001" classname="com.google.common.collect.testing.testers.CollectionEqualsTester" name="testEquals_self[PersistentMapTest [collection size: several] values [collection size: several]]"/>
  <testcase time="0.001" classname="com.google.common.collect.testing.testers.CollectionEqualsTester" name="testEquals_null[PersistentMapTest [collection size: several] values [collection size: several]]"/>
  <testcase time="0.001" classname="com.google.common.collect.testing.testers.CollectionEqualsTester" name="testEquals_notACollection[PersistentMapTest [collection size: several] values [collection size: several]]"/>
  <testcase time="0.002" classname="com.google.common.collect.testing.testers.CollectionIsEmptyTester" name="testIsEmpty_no[PersistentMapTest [collection size: several] values [collection size: several]]"/>
  <testcase time="0.002" classname="com.google.common.collect.testing.testers.CollectionIteratorTester" name="testIterator[PersistentMapTest [collection size: several] values [collection size: several]]"/>
  <testcase time="0.474" classname="com.google.common.collect.testing.testers.CollectionIteratorTester" name="testIterator_unknownOrderRemoveSupported[PersistentMapTest [collection size: several] values [collection size: several]]"/>
  <testcase time="0.001" classname="com.google.common.collect.testing.testers.CollectionIteratorTester" name="testIteratorNoSuchElementException[PersistentMapTest [collection size: several] values [collection size: several]]"/>
  <testcase time="0.002" classname="com.google.common.collect.testing.testers.CollectionRemoveAllTester" name="testRemoveAll_emptyCollection[PersistentMapTest [collection size: several] values [collection size: several]]"/>
  <testcase time="0.002" classname="com.google.common.collect.testing.testers.CollectionRemoveAllTester" name="testRemoveAll_nonePresent[PersistentMapTest [collection size: several] values [collection size: several]]"/>
  <testcase time="0.002" classname="com.google.common.collect.testing.testers.CollectionRemoveAllTester" name="testRemoveAll_allPresent[PersistentMapTest [collection size: several] values [collection size: several]]"/>
  <testcase time="0.001" classname="com.google.common.collect.testing.testers.CollectionRemoveAllTester" name="testRemoveAll_somePresent[PersistentMapTest [collection size: several] values [collection size: several]]"/>
  <testcase time="0.002" classname="com.google.common.collect.testing.testers.CollectionRemoveAllTester" name="testRemoveAllSomePresentConcurrentWithIteration[PersistentMapTest [collection size: several] values [collection size: several]]"/>
  <testcase time="0.002" classname="com.google.common.collect.testing.testers.CollectionRemoveAllTester" name="testRemoveAll_somePresentLargeCollectionToRemove[PersistentMapTest [collection size: several] values [collection size: several]]"/>
  <testcase time="0.002" classname="com.google.common.collect.testing.testers.CollectionRemoveAllTester" name="testRemoveAll_nullCollectionReferenceNonEmptySubject[PersistentMapTest [collection size: several] values [collection size: several]]"/>
  <testcase time="0.002" classname="com.google.common.collect.testing.testers.CollectionRemoveAllTester" name="testRemoveAll_containsNullNo[PersistentMapTest [collection size: several] values [collection size: several]]"/>
  <testcase time="0.001" classname="com.google.common.collect.testing.testers.CollectionRemoveAllTester" name="testRemoveAll_containsWrongType[PersistentMapTest [collection size: several] values [collection size: several]]"/>
  <testcase time="0.001" classname="com.google.common.collect.testing.testers.CollectionRemoveTester" name="testRemove_present[PersistentMapTest [collection size: several] values [collection size: several]]"/>
  <testcase time="0.002" classname="com.google.common.collect.testing.testers.CollectionRemoveTester" name="testRemove_notPresent[PersistentMapTest [collection size: several] values [collection size: several]]"/>
  <testcase time="0.002" classname="com.google.common.collect.testing.testers.CollectionRemoveTester" name="testRemove_wrongType[PersistentMapTest [collection size: several] values [collection size: several]]"/>
  <testcase time="0.002" classname="com.google.common.collect.testing.testers.CollectionRemoveTester" name="testRemovePresentConcurrentWithIteration[PersistentMapTest [collection size: several] values [collection size: several]]"/>
  <testcase time="0.001" classname="com.google.common.collect.testing.testers.CollectionRemoveTester" name="testRemove_nullNotSupported[PersistentMapTest [collection size: several] values [collection size: several]]"/>
  <testcase time="0.002" classname="com.google.common.collect.testing.testers.CollectionRetainAllTester" name="testRetainAll_emptyPreviouslyNonEmpty[PersistentMapTest [collection size: several] values [collection size: several]]"/>
  <testcase time="0.001" classname="com.google.common.collect.testing.testers.CollectionRetainAllTester" name="testRetainAll_disjointPreviouslyNonEmpty[PersistentMapTest [collection size: several] values [collection size: several]]"/>
  <testcase time="0.002" classname="com.google.common.collect.testing.testers.CollectionRetainAllTester" name="testRetainAll_superset[PersistentMapTest [collection size: several] values [collection size: several]]"/>
  <testcase time="0.002" classname="com.google.common.collect.testing.testers.CollectionRetainAllTester" name="testRetainAll_subset[PersistentMapTest [collection size: several] values [collection size: several]]"/>
  <testcase time="0.002" classname="com.google.common.collect.testing.testers.CollectionRetainAllTester" name="testRetainAll_sameElements[PersistentMapTest [collection size: several] values [collection size: several]]"/>
  <testcase time="0.002" classname="com.google.common.collect.testing.testers.CollectionRetainAllTester" name="testRetainAll_partialOverlap[PersistentMapTest [collection size: several] values [collection size: several]]"/>
  <testcase time="0.001" classname="com.google.common.collect.testing.testers.CollectionRetainAllTester" name="testRetainAll_containsDuplicatesSizeSeveral[PersistentMapTest [collection size: several] values [collection size: several]]"/>
  <testcase time="0.001" classname="com.google.common.collect.testing.testers.CollectionRetainAllTester" name="testRetainAll_nullSingletonPreviouslyNonEmpty[PersistentMapTest [collection size: several] values [collection size: several]]"/>
  <testcase time="0.002" classname="com.google.common.collect.testing.testers.CollectionRetainAllTester" name="testRetainAll_nullCollectionReferenceNonEmptySubject[PersistentMapTest [collection size: several] values [collection size: several]]"/>
  <testcase time="0.001" classname="com.google.common.collect.testing.testers.CollectionSizeTester" name="testSize[PersistentMapTest [collection size: several] values [collection size: several]]"/>
  <testcase time="0.002" classname="com.google.common.collect.testing.testers.CollectionToArrayTester" name="testToArray_noArgs[PersistentMapTest [collection size: several] values [collection size: several]]"/>
  <testcase time="0.001" classname="com.google.common.collect.testing.testers.CollectionToArrayTester" name="testToArray_isPlainObjectArray[PersistentMapTest [collection size: several] values [collection size: several]]"/>
  <testcase time="0.001" classname="com.google.common.collect.testing.testers.CollectionToArrayTester" name="testToArray_emptyArray[PersistentMapTest [collection size: several] values [collection size: several]]"/>
  <testcase time="0.002" classname="com.google.common.collect.testing.testers.CollectionToArrayTester" name="testToArray_emptyArrayOfObject[PersistentMapTest [collection size: several] values [collection size: several]]"/>
  <testcase time="0.002" classname="com.google.common.collect.testing.testers.CollectionToArrayTester" name="testToArray_rightSizedArray[PersistentMapTest [collection size: several] values [collection size: several]]"/>
  <testcase time="0.001" classname="com.google.common.collect.testing.testers.CollectionToArrayTester" name="testToArray_rightSizedArrayOfObject[PersistentMapTest [collection size: several] values [collection size: several]]"/>
  <testcase time="0.002" classname="com.google.common.collect.testing.testers.CollectionToArrayTester" name="testToArray_oversizedArray[PersistentMapTest [collection size: several] values [collection size: several]]"/>
  <testcase time="0.001" classname="com.google.common.collect.testing.testers.CollectionToArrayTester" name="testToArray_emptyArrayOfWrongTypeForNonEmptyCollection[PersistentMapTest [collection size: several] values [collection size: several]]"/>
  <testcase time="0.001" classname="com.google.common.collect.testing.testers.CollectionToStringTester" name="testToString_minimal[PersistentMapTest [collection size: several] values [collection size: several]]"/>
  <testcase time="0" classname="com.google.common.collect.testing.ExampleIteratorTester" name="testSomethingAboutIterators[PersistentMapTest [collection size: several] values [collection size: several] iterator]"/>
</testsuite>